4.easyfig.fa	5.easyfig.fa	100.000	14533	0	0	2760	17292	1	14533	0.0	26209
4.easyfig.fa	5.easyfig.fa	100.000	820	0	0	6958	7777	2200	3019	0.0	1480
4.easyfig.fa	5.easyfig.fa	100.000	820	0	0	4959	5778	4199	5018	0.0	1480
4.easyfig.fa	5.easyfig.fa	96.552	145	5	0	1440	1584	1	145	2.29e-64	240
4.easyfig.fa	5.easyfig.fa	84.211	38	6	0	14043	14080	6218	6255	3.41e-05	42.8
4.easyfig.fa	5.easyfig.fa	84.211	38	6	0	8977	9014	11284	11321	3.41e-05	42.8
4.easyfig.fa	5.easyfig.fa	83.333	30	5	0	2611	2640	75	46	0.062	32.8
4.easyfig.fa	5.easyfig.fa	83.333	30	5	0	1291	1320	75	46	0.062	32.8
4.easyfig.fa	5.easyfig.fa	94.737	19	1	0	5765	5783	2213	2195	0.22	31.0
4.easyfig.fa	5.easyfig.fa	94.737	19	1	0	4954	4972	3024	3006	0.22	31.0
4.easyfig.fa	5.easyfig.fa	100.000	16	0	0	7764	7779	4212	4197	0.22	30.1
4.easyfig.fa	5.easyfig.fa	100.000	16	0	0	6956	6971	5020	5005	0.22	30.1
4.easyfig.fa	5.easyfig.fa	82.143	28	5	0	9464	9491	6621	6648	0.75	29.2
4.easyfig.fa	5.easyfig.fa	82.143	28	5	0	9380	9407	6705	6732	0.75	29.2
4.easyfig.fa	5.easyfig.fa	69.811	53	6	1	15826	15878	12535	12577	0.75	29.2
4.easyfig.fa	5.easyfig.fa	69.811	53	6	1	15294	15336	13067	13119	0.75	29.2
4.easyfig.fa	5.easyfig.fa	100.000	15	0	0	2481	2495	6078	6064	0.75	28.3
4.easyfig.fa	5.easyfig.fa	100.000	14	0	0	10177	10190	529	516	2.6	26.5
4.easyfig.fa	5.easyfig.fa	100.000	14	0	0	7764	7777	2213	2200	2.6	26.5
4.easyfig.fa	5.easyfig.fa	100.000	14	0	0	6958	6971	3019	3006	2.6	26.5
4.easyfig.fa	5.easyfig.fa	100.000	14	0	0	5765	5778	4212	4199	2.6	26.5
4.easyfig.fa	5.easyfig.fa	100.000	14	0	0	4959	4972	5018	5005	2.6	26.5
4.easyfig.fa	5.easyfig.fa	100.000	14	0	0	3275	3288	7431	7418	2.6	26.5
4.easyfig.fa	5.easyfig.fa	100.000	14	0	0	2738	2751	8372	8385	2.6	26.5
4.easyfig.fa	5.easyfig.fa	100.000	14	0	0	12842	12855	10096	10083	2.6	26.5
4.easyfig.fa	5.easyfig.fa	85.714	21	3	0	14601	14621	866	886	9.1	25.6
4.easyfig.fa	5.easyfig.fa	85.714	21	3	0	3625	3645	11842	11862	9.1	25.6
